0 info it worked if it ends with ok
1 verbose cli [ '/usr/local/bin/node',
1 verbose cli   '/usr/local/bin/npm',
1 verbose cli   'install',
1 verbose cli   'bower',
1 verbose cli   '-g' ]
2 info using npm@2.14.7
3 info using node@v4.2.3
4 verbose install initial load of /usr/local/lib/package.json
5 verbose readDependencies loading dependencies from /usr/local/lib/package.json
6 silly cache add args [ 'bower', null ]
7 verbose cache add spec bower
8 silly cache add parsed spec Result {
8 silly cache add   raw: 'bower',
8 silly cache add   scope: null,
8 silly cache add   name: 'bower',
8 silly cache add   rawSpec: '',
8 silly cache add   spec: '*',
8 silly cache add   type: 'range' }
9 silly addNamed bower@*
10 verbose addNamed "*" is a valid semver range for bower
11 silly addNameRange { name: 'bower', range: '*', hasData: false }
12 silly mapToRegistry name bower
13 silly mapToRegistry using default registry
14 silly mapToRegistry registry https://registry.npmjs.org/
15 silly mapToRegistry uri https://registry.npmjs.org/bower
16 verbose addNameRange registry:https://registry.npmjs.org/bower not in flight; fetching
17 verbose request uri https://registry.npmjs.org/bower
18 verbose request no auth needed
19 info attempt registry request try #1 at 14:58:00
20 verbose request id 3f9ceadb6851db5f
21 http request GET https://registry.npmjs.org/bower
22 http 200 https://registry.npmjs.org/bower
23 verbose headers { server: 'CouchDB/1.5.0 (Erlang OTP/R16B03)',
23 verbose headers   etag: '"7KRF249ATORH5LCGUTP2M06WQ"',
23 verbose headers   'content-type': 'application/json',
23 verbose headers   'cache-control': 'max-age=300',
23 verbose headers   'content-length': '161678',
23 verbose headers   'accept-ranges': 'bytes',
23 verbose headers   date: 'Sun, 20 Dec 2015 06:58:01 GMT',
23 verbose headers   via: '1.1 varnish',
23 verbose headers   age: '0',
23 verbose headers   connection: 'keep-alive',
23 verbose headers   'x-served-by': 'cache-hkg6827-HKG',
23 verbose headers   'x-cache': 'HIT',
23 verbose headers   'x-cache-hits': '1',
23 verbose headers   'x-timer': 'S1450594680.689985,VS0,VE1027',
23 verbose headers   vary: 'Accept' }
24 silly get cb [ 200,
24 silly get   { server: 'CouchDB/1.5.0 (Erlang OTP/R16B03)',
24 silly get     etag: '"7KRF249ATORH5LCGUTP2M06WQ"',
24 silly get     'content-type': 'application/json',
24 silly get     'cache-control': 'max-age=300',
24 silly get     'content-length': '161678',
24 silly get     'accept-ranges': 'bytes',
24 silly get     date: 'Sun, 20 Dec 2015 06:58:01 GMT',
24 silly get     via: '1.1 varnish',
24 silly get     age: '0',
24 silly get     connection: 'keep-alive',
24 silly get     'x-served-by': 'cache-hkg6827-HKG',
24 silly get     'x-cache': 'HIT',
24 silly get     'x-cache-hits': '1',
24 silly get     'x-timer': 'S1450594680.689985,VS0,VE1027',
24 silly get     vary: 'Accept' } ]
25 verbose get saving bower to /Users/yangyizhong/.npm/registry.npmjs.org/bower/.cache.json
26 verbose makeDirectory /Users/yangyizhong/.npm creation not in flight; initializing
27 silly makeDirectory /Users/yangyizhong/.npm uid: 501 gid: 20
28 silly addNameRange number 2 { name: 'bower', range: '*', hasData: true }
29 silly addNameRange versions [ 'bower',
29 silly addNameRange   [ '0.1.0',
29 silly addNameRange     '0.1.2',
29 silly addNameRange     '0.1.3',
29 silly addNameRange     '0.2.0',
29 silly addNameRange     '0.3.0',
29 silly addNameRange     '0.3.1',
29 silly addNameRange     '0.3.2',
29 silly addNameRange     '0.4.0',
29 silly addNameRange     '0.5.0',
29 silly addNameRange     '0.5.1',
29 silly addNameRange     '0.6.0',
29 silly addNameRange     '0.6.1',
29 silly addNameRange     '0.6.2',
29 silly addNameRange     '0.6.3',
29 silly addNameRange     '0.6.4',
29 silly addNameRange     '0.6.5',
29 silly addNameRange     '0.6.6',
29 silly addNameRange     '0.6.7',
29 silly addNameRange     '0.6.8',
29 silly addNameRange     '0.7.0',
29 silly addNameRange     '0.7.1',
29 silly addNameRange     '0.8.0',
29 silly addNameRange     '0.8.1',
29 silly addNameRange     '0.8.2',
29 silly addNameRange     '0.8.3',
29 silly addNameRange     '0.8.4',
29 silly addNameRange     '0.8.5',
29 silly addNameRange     '0.8.6',
29 silly addNameRange     '0.9.0',
29 silly addNameRange     '0.9.1',
29 silly addNameRange     '0.9.2',
29 silly addNameRange     '0.10.0',
29 silly addNameRange     '1.0.0',
29 silly addNameRange     '1.0.1',
29 silly addNameRange     '1.0.2',
29 silly addNameRange     '1.0.3',
29 silly addNameRange     '1.1.0',
29 silly addNameRange     '1.1.1',
29 silly addNameRange     '1.1.2',
29 silly addNameRange     '1.2.0',
29 silly addNameRange     '1.2.1',
29 silly addNameRange     '1.2.2',
29 silly addNameRange     '1.2.3',
29 silly addNameRange     '1.2.4',
29 silly addNameRange     '1.2.5',
29 silly addNameRange     '1.2.6',
29 silly addNameRange     '1.2.7',
29 silly addNameRange     '1.2.8',
29 silly addNameRange     '1.3.0',
29 silly addNameRange     '1.3.1',
29 silly addNameRange     '1.3.2',
29 silly addNameRange     '1.3.3',
29 silly addNameRange     '1.3.4',
29 silly addNameRange     '1.3.5',
29 silly addNameRange     '1.3.6',
29 silly addNameRange     '1.3.7',
29 silly addNameRange     '1.3.8',
29 silly addNameRange     '1.3.9',
29 silly addNameRange     '1.3.10',
29 silly addNameRange     '1.3.11',
29 silly addNameRange     '1.3.12',
29 silly addNameRange     '1.4.0',
29 silly addNameRange     '1.4.1',
29 silly addNameRange     '1.5.0',
29 silly addNameRange     '1.5.1',
29 silly addNameRange     '1.5.2',
29 silly addNameRange     '1.5.3',
29 silly addNameRange     '1.6.2',
29 silly addNameRange     '1.6.3',
29 silly addNameRange     '1.6.4',
29 silly addNameRange     '1.6.5',
29 silly addNameRange     '1.5.4',
29 silly addNameRange     '1.4.2',
29 silly addNameRange     '1.6.6',
29 silly addNameRange     '1.6.7',
29 silly addNameRange     '1.6.8',
29 silly addNameRange     '1.6.9',
29 silly addNameRange     '1.7.0',
29 silly addNameRange     '1.7.1' ] ]
30 silly addNamed bower@1.7.1
31 verbose addNamed "1.7.1" is a plain semver version for bower
32 silly mapToRegistry name bower
33 silly mapToRegistry using default registry
34 silly mapToRegistry registry https://registry.npmjs.org/
35 silly mapToRegistry uri https://registry.npmjs.org/bower
36 verbose addRemoteTarball https://registry.npmjs.org/bower/-/bower-1.7.1.tgz not in flight; adding
37 verbose addRemoteTarball [ 'https://registry.npmjs.org/bower/-/bower-1.7.1.tgz',
37 verbose addRemoteTarball   '8d0c1a31d85237b3629fd2af981bd11e1b1dca82' ]
38 info retry fetch attempt 1 at 14:58:02
39 info attempt registry request try #1 at 14:58:02
40 http fetch GET https://registry.npmjs.org/bower/-/bower-1.7.1.tgz
41 http fetch 200 https://registry.npmjs.org/bower/-/bower-1.7.1.tgz
42 silly fetchAndShaCheck shasum 8d0c1a31d85237b3629fd2af981bd11e1b1dca82
43 verbose addTmpTarball /var/folders/qw/t2j63qrs6hl18_dwdsbl6vbw0000gn/T/npm-8331-e07d3447/registry.npmjs.org/bower/-/bower-1.7.1.tgz not in flight; adding
44 verbose addTmpTarball already have metadata; skipping unpack for bower@1.7.1
45 silly cache afterAdd bower@1.7.1
46 verbose afterAdd /Users/yangyizhong/.npm/bower/1.7.1/package/package.json not in flight; writing
47 verbose afterAdd /Users/yangyizhong/.npm/bower/1.7.1/package/package.json written
48 silly install resolved [ { name: 'bower',
48 silly install resolved     version: '1.7.1',
48 silly install resolved     description: 'The browser package manager',
48 silly install resolved     author: { name: 'Twitter' },
48 silly install resolved     license: 'MIT',
48 silly install resolved     repository: { type: 'git', url: 'git+https://github.com/bower/bower.git' },
48 silly install resolved     main: 'lib',
48 silly install resolved     homepage: 'http://bower.io',
48 silly install resolved     engines: { node: '>=0.10.0' },
48 silly install resolved     keywords: [ 'bower' ],
48 silly install resolved     dependencies:
48 silly install resolved      { abbrev: '^1.0.5',
48 silly install resolved        archy: '1.0.0',
48 silly install resolved        'bower-config': '^1.3.0',
48 silly install resolved        'bower-endpoint-parser': '^0.2.2',
48 silly install resolved        'bower-json': '^0.4.0',
48 silly install resolved        'bower-logger': '^0.2.2',
48 silly install resolved        'bower-registry-client': '^1.0.0',
48 silly install resolved        cardinal: '0.4.4',
48 silly install resolved        chalk: '^1.0.0',
48 silly install resolved        chmodr: '^1.0.2',
48 silly install resolved        configstore: '^0.3.2',
48 silly install resolved        'decompress-zip': '^0.1.0',
48 silly install resolved        destroy: '^1.0.3',
48 silly install resolved        'fs-write-stream-atomic': '^1.0.5',
48 silly install resolved        fstream: '^1.0.3',
48 silly install resolved        'fstream-ignore': '^1.0.2',
48 silly install resolved        github: '^0.2.3',
48 silly install resolved        glob: '^4.3.2',
48 silly install resolved        'graceful-fs': '^3.0.5',
48 silly install resolved        handlebars: '^2.0.0',
48 silly install resolved        inquirer: '0.10.0',
48 silly install resolved        insight: '^0.7.0',
48 silly install resolved        'is-root': '^1.0.0',
48 silly install resolved        junk: '^1.0.0',
48 silly install resolved        lockfile: '^1.0.0',
48 silly install resolved        'lru-cache': '^2.5.0',
48 silly install resolved        'md5-hex': '^1.0.2',
48 silly install resolved        mkdirp: '0.5.0',
48 silly install resolved        mout: '^0.11.0',
48 silly install resolved        nopt: '^3.0.1',
48 silly install resolved        opn: '^1.0.1',
48 silly install resolved        'p-throttler': '0.1.1',
48 silly install resolved        promptly: '0.2.0',
48 silly install resolved        q: '^1.1.2',
48 silly install resolved        request: '2.53.0',
48 silly install resolved        'request-progress': '0.3.1',
48 silly install resolved        retry: '0.6.1',
48 silly install resolved        rimraf: '^2.2.8',
48 silly install resolved        semver: '^2.3.0',
48 silly install resolved        'semver-utils': '^1.1.1',
48 silly install resolved        'shell-quote': '^1.4.2',
48 silly install resolved        'stringify-object': '^1.0.0',
48 silly install resolved        'tar-fs': '^1.4.1',
48 silly install resolved        tmp: '0.0.24',
48 silly install resolved        'update-notifier': '^0.6.0',
48 silly install resolved        'user-home': '^1.1.0',
48 silly install resolved        which: '^1.0.8' },
48 silly install resolved     devDependencies:
48 silly install resolved      { chai: '^1.10.0',
48 silly install resolved        coveralls: '^2.11.2',
48 silly install resolved        'expect.js': '^0.3.1',
48 silly install resolved        grunt: '^0.4.5',
48 silly install resolved        'grunt-cli': '^0.1.13',
48 silly install resolved        'grunt-contrib-jshint': '^0.10.0',
48 silly install resolved        'grunt-contrib-watch': '^0.6.1',
48 silly install resolved        'grunt-exec': '^0.4.6',
48 silly install resolved        'grunt-jscs': '^2.3.0',
48 silly install resolved        'grunt-simple-mocha': '^0.4.0',
48 silly install resolved        istanbul: '^0.3.5',
48 silly install resolved        'load-grunt-tasks': '^2.0.0',
48 silly install resolved        mocha: '^2.1.0',
48 silly install resolved        multiline: '^1.0.2',
48 silly install resolved        nock: '^3.1.0',
48 silly install resolved        'node-uuid': '^1.4.2',
48 silly install resolved        proxyquire: '^1.3.0',
48 silly install resolved        'spawn-sync': '1.0.13' },
48 silly install resolved     scripts:
48 silly install resolved      { test: 'grunt test',
48 silly install resolved        ci: 'grunt travis',
48 silly install resolved        coveralls: 'coveralls' },
48 silly install resolved     bin: { bower: 'bin/bower' },
48 silly install resolved     files: [ 'bin', 'lib', 'templates' ],
48 silly install resolved     gitHead: 'e168c894a2a810b2e89c21320914029193a82c42',
48 silly install resolved     bugs: { url: 'https://github.com/bower/bower/issues' },
48 silly install resolved     bundleDependencies:
48 silly install resolved      [ 'abbrev',
48 silly install resolved        'archy',
48 silly install resolved        'bower-config',
48 silly install resolved        'bower-endpoint-parser',
48 silly install resolved        'bower-json',
48 silly install resolved        'bower-logger',
48 silly install resolved        'bower-registry-client',
48 silly install resolved        'cardinal',
48 silly install resolved        'chalk',
48 silly install resolved        'chmodr',
48 silly install resolved        'configstore',
48 silly install resolved        'decompress-zip',
48 silly install resolved        'destroy',
48 silly install resolved        'fs-write-stream-atomic',
48 silly install resolved        'fstream',
48 silly install resolved        'fstream-ignore',
48 silly install resolved        'github',
48 silly install resolved        'glob',
48 silly install resolved        'graceful-fs',
48 silly install resolved        'handlebars',
48 silly install resolved        'inquirer',
48 silly install resolved        'insight',
48 silly install resolved        'is-root',
48 silly install resolved        'junk',
48 silly install resolved        'lockfile',
48 silly install resolved        'lru-cache',
48 silly install resolved        'md5-hex',
48 silly install resolved        'mkdirp',
48 silly install resolved        'mout',
48 silly install resolved        'nopt',
48 silly install resolved        'opn',
48 silly install resolved        'p-throttler',
48 silly install resolved        'promptly',
48 silly install resolved        'q',
48 silly install resolved        'request',
48 silly install resolved        'request-progress',
48 silly install resolved        'retry',
48 silly install resolved        'rimraf',
48 silly install resolved        'semver',
48 silly install resolved        'shell-quote',
48 silly install resolved        'stringify-object',
48 silly install resolved        'tar-fs',
48 silly install resolved        'tmp',
48 silly install resolved        'update-notifier',
48 silly install resolved        'user-home',
48 silly install resolved        'which' ],
48 silly install resolved     _id: 'bower@1.7.1',
48 silly install resolved     _shasum: '8d0c1a31d85237b3629fd2af981bd11e1b1dca82',
48 silly install resolved     _from: 'bower@*',
48 silly install resolved     _npmVersion: '2.14.4',
48 silly install resolved     _nodeVersion: '4.1.1',
48 silly install resolved     _npmUser: { name: 'sheerun', email: 'sheerun@sher.pl' },
48 silly install resolved     dist:
48 silly install resolved      { shasum: '8d0c1a31d85237b3629fd2af981bd11e1b1dca82',
48 silly install resolved        tarball: 'http://registry.npmjs.org/bower/-/bower-1.7.1.tgz' },
48 silly install resolved     maintainers:
48 silly install resolved      [ [Object],
48 silly install resolved        [Object],
48 silly install resolved        [Object],
48 silly install resolved        [Object],
48 silly install resolved        [Object],
48 silly install resolved        [Object],
48 silly install resolved        [Object] ],
48 silly install resolved     directories: {},
48 silly install resolved     _resolved: 'https://registry.npmjs.org/bower/-/bower-1.7.1.tgz' } ]
49 info install bower@1.7.1 into /usr/local/lib
50 info installOne bower@1.7.1
51 verbose installOne of bower to /usr/local/lib not in flight; installing
52 verbose makeDirectory /Users/yangyizhong/.npm/_locks creation not in flight; initializing
53 silly makeDirectory /Users/yangyizhong/.npm/_locks uid: 501 gid: 20
54 verbose lock using /Users/yangyizhong/.npm/_locks/bower-e8debc5417026b57.lock for /usr/local/lib/node_modules/bower
55 silly install write writing bower 1.7.1 to /usr/local/lib/node_modules/bower
56 verbose unbuild lib/node_modules/bower
57 silly gentlyRm /usr/local/lib/node_modules/bower is being purged from base /usr/local
58 verbose gentlyRm don't care about contents; nuking /usr/local/lib/node_modules/bower
59 verbose tar unpack /Users/yangyizhong/.npm/bower/1.7.1/package.tgz
60 verbose tar unpacking to /usr/local/lib/node_modules/bower
61 silly gentlyRm /usr/local/lib/node_modules/bower is being purged
62 verbose gentlyRm don't care about contents; nuking /usr/local/lib/node_modules/bower
63 silly gunzTarPerm modes [ '755', '644' ]
64 error tar.unpack untar error /Users/yangyizhong/.npm/bower/1.7.1/package.tgz
65 verbose unlock done using /Users/yangyizhong/.npm/_locks/bower-e8debc5417026b57.lock for /usr/local/lib/node_modules/bower
66 verbose fstream_path /usr/local/lib/node_modules/bower
67 verbose fstream_type Directory
68 verbose fstream_class DirWriter
69 verbose stack Error: EACCES: permission denied, mkdir '/usr/local/lib/node_modules/bower'
69 verbose stack     at Error (native)
70 verbose fstream_stack /usr/local/lib/node_modules/npm/node_modules/fstream/lib/dir-writer.js:35:25
70 verbose fstream_stack /usr/local/lib/node_modules/npm/node_modules/mkdirp/index.js:47:53
70 verbose fstream_stack FSReqWrap.oncomplete (fs.js:82:15)
71 verbose cwd /Users/yangyizhong/Applications/thestorytree
72 error Darwin 15.0.0
73 error argv "/usr/local/bin/node" "/usr/local/bin/npm" "install" "bower" "-g"
74 error node v4.2.3
75 error npm  v2.14.7
76 error path /usr/local/lib/node_modules/bower
77 error code EACCES
78 error errno -13
79 error syscall mkdir
80 error Error: EACCES: permission denied, mkdir '/usr/local/lib/node_modules/bower'
80 error     at Error (native)
80 error  { [Error: EACCES: permission denied, mkdir '/usr/local/lib/node_modules/bower']
80 error   errno: -13,
80 error   code: 'EACCES',
80 error   syscall: 'mkdir',
80 error   path: '/usr/local/lib/node_modules/bower',
80 error   fstream_type: 'Directory',
80 error   fstream_path: '/usr/local/lib/node_modules/bower',
80 error   fstream_class: 'DirWriter',
80 error   fstream_stack:
80 error    [ '/usr/local/lib/node_modules/npm/node_modules/fstream/lib/dir-writer.js:35:25',
80 error      '/usr/local/lib/node_modules/npm/node_modules/mkdirp/index.js:47:53',
80 error      'FSReqWrap.oncomplete (fs.js:82:15)' ] }
81 error Please try running this command again as root/Administrator.
82 verbose exit [ -13, true ]
83 verbose unbuild lib/node_modules/bower
84 silly gentlyRm /usr/local/lib/node_modules/bower is being purged from base /usr/local
85 verbose gentlyRm don't care about contents; nuking /usr/local/lib/node_modules/bower
